0 info it worked if it ends with ok
1 verbose cli [ '/usr/local/bin/node', '/usr/local/bin/npm', 'run', 'deploy' ]
2 info using npm@3.10.10
3 info using node@v6.11.3
4 verbose run-script [ 'predeploy', 'deploy', 'postdeploy' ]
5 info lifecycle anotherplanet.io-ux-template@1.0.0-beta1~predeploy: anotherplanet.io-ux-template@1.0.0-beta1
6 silly lifecycle anotherplanet.io-ux-template@1.0.0-beta1~predeploy: no script for predeploy, continuing
7 info lifecycle anotherplanet.io-ux-template@1.0.0-beta1~deploy: anotherplanet.io-ux-template@1.0.0-beta1
8 verbose lifecycle anotherplanet.io-ux-template@1.0.0-beta1~deploy: unsafe-perm in lifecycle true
9 verbose lifecycle anotherplanet.io-ux-template@1.0.0-beta1~deploy: PATH: /usr/local/lib/node_modules/npm/bin/node-gyp-bin:/Users/thierry/github/anotherplanet.io-ux-template/node_modules/.bin:/Users/thierry/_tools/google-cloud-sdk/bin:/opt/local/bin:/opt/local/sbin:/bin:/sbin:/usr/bin:/usr/local/bin:/usr/sbin:/Library/Frameworks/GDAL.framework/Programs:/usr/local/sbin:/usr/local/mysql/bin
10 verbose lifecycle anotherplanet.io-ux-template@1.0.0-beta1~deploy: CWD: /Users/thierry/github/anotherplanet.io-ux-template
11 silly lifecycle anotherplanet.io-ux-template@1.0.0-beta1~deploy: Args: [ '-c',
11 silly lifecycle   'git add out/ && git commit -m "Deploy gh-pages" && git subtree push --prefix out origin gh-pages' ]
12 silly lifecycle anotherplanet.io-ux-template@1.0.0-beta1~deploy: Returned: code: 1  signal: null
13 info lifecycle anotherplanet.io-ux-template@1.0.0-beta1~deploy: Failed to exec deploy script
14 verbose stack Error: anotherplanet.io-ux-template@1.0.0-beta1 deploy: `git add out/ && git commit -m "Deploy gh-pages" && git subtree push --prefix out origin gh-pages`
14 verbose stack Exit status 1
14 verbose stack     at EventEmitter.<anonymous> (/usr/local/lib/node_modules/npm/lib/utils/lifecycle.js:255:16)
14 verbose stack     at emitTwo (events.js:106:13)
14 verbose stack     at EventEmitter.emit (events.js:191:7)
14 verbose stack     at ChildProcess.<anonymous> (/usr/local/lib/node_modules/npm/lib/utils/spawn.js:40:14)
14 verbose stack     at emitTwo (events.js:106:13)
14 verbose stack     at ChildProcess.emit (events.js:191:7)
14 verbose stack     at maybeClose (internal/child_process.js:920:16)
14 verbose stack     at Process.ChildProcess._handle.onexit (internal/child_process.js:230:5)
15 verbose pkgid anotherplanet.io-ux-template@1.0.0-beta1
16 verbose cwd /Users/thierry/github/anotherplanet.io-ux-template
17 error Darwin 16.7.0
18 error argv "/usr/local/bin/node" "/usr/local/bin/npm" "run" "deploy"
19 error node v6.11.3
20 error npm  v3.10.10
21 error code ELIFECYCLE
22 error anotherplanet.io-ux-template@1.0.0-beta1 deploy: `git add out/ && git commit -m "Deploy gh-pages" && git subtree push --prefix out origin gh-pages`
22 error Exit status 1
23 error Failed at the anotherplanet.io-ux-template@1.0.0-beta1 deploy script 'git add out/ && git commit -m "Deploy gh-pages" && git subtree push --prefix out origin gh-pages'.
23 error Make sure you have the latest version of node.js and npm installed.
23 error If you do, this is most likely a problem with the anotherplanet.io-ux-template package,
23 error not with npm itself.
23 error Tell the author that this fails on your system:
23 error     git add out/ && git commit -m "Deploy gh-pages" && git subtree push --prefix out origin gh-pages
23 error You can get information on how to open an issue for this project with:
23 error     npm bugs anotherplanet.io-ux-template
23 error Or if that isn't available, you can get their info via:
23 error     npm owner ls anotherplanet.io-ux-template
23 error There is likely additional logging output above.
24 verbose exit [ 1, true ]
